[debug] [2022-11-01T13:11:23.121Z] ----------------------------------------------------------------------
[debug] [2022-11-01T13:11:23.126Z] Command:       C:\Program Files\nodejs\node.exe C:\Users\dlniv\AppData\Roaming\npm\node_modules\firebase-tools\lib\bin\firebase.js init hosting
[debug] [2022-11-01T13:11:23.127Z] CLI Version:   11.15.0
[debug] [2022-11-01T13:11:23.127Z] Platform:      win32
[debug] [2022-11-01T13:11:23.127Z] Node Version:  v16.18.0
[debug] [2022-11-01T13:11:23.129Z] Time:          Tue Nov 01 2022 18:41:23 GMT+0530 (India Standard Time)
[debug] [2022-11-01T13:11:23.130Z] ----------------------------------------------------------------------
[debug] 
[debug] [2022-11-01T13:11:23.144Z] > command requires scopes: ["email","openid","https://www.googleapis.com/auth/cloudplatformprojects.readonly","https://www.googleapis.com/auth/firebase","https://www.googleapis.com/auth/cloud-platform"]
[debug] [2022-11-01T13:11:23.145Z] > authorizing via signed-in user (nivas.programmer@gmail.com)
[info] 
     ######## #### ########  ######## ########     ###     ######  ########
     ##        ##  ##     ## ##       ##     ##  ##   ##  ##       ##
     ######    ##  ########  ######   ########  #########  ######  ######
     ##        ##  ##    ##  ##       ##     ## ##     ##       ## ##
     ##       #### ##     ## ######## ########  ##     ##  ######  ########

You're about to initialize a Firebase project in this directory:

  D:\Projects\Angular\angular-demo

[info] 
=== Project Setup
[info] 
[info] First, let's associate this project directory with a Firebase project.
[info] You can create multiple project aliases by running firebase use --add, 
[info] but for now we'll just set up a default project.
[info] 
[debug] [2022-11-01T13:11:44.305Z] >>> [apiv2][query] GET https://firebase.googleapis.com/v1beta1/projects pageSize=100
[debug] [2022-11-01T13:11:45.289Z] <<< [apiv2][status] GET https://firebase.googleapis.com/v1beta1/projects 200
[debug] [2022-11-01T13:11:45.289Z] <<< [apiv2][body] GET https://firebase.googleapis.com/v1beta1/projects [omitted]
[info] i  Using project energyreflux-1 (Energy Reflux) 
[info] 
=== Hosting Setup
[info] 
[info] Your public directory is the folder (relative to your project directory) that
[info] will contain Hosting assets to be uploaded with firebase deploy. If you
[info] have a build process for your assets, use your build's output directory.
[info] 
[debug] [2022-11-01T13:12:02.571Z] >>> [apiv2][query] GET https://www.gstatic.com/firebasejs/releases.json [none]
[debug] [2022-11-01T13:12:02.901Z] <<< [apiv2][status] GET https://www.gstatic.com/firebasejs/releases.json 200
[debug] [2022-11-01T13:12:02.902Z] <<< [apiv2][body] GET https://www.gstatic.com/firebasejs/releases.json {"current":{"version":"9.13.0","browserURL":"https://www.gstatic.com/firebasejs/9.13.0/firebase.js","packageURL":"https://www.gstatic.com/firebasejs/9.13.0/firebase.tgz"},"live":{"version":"9.13","browserURL":"https://www.gstatic.com/firebasejs/live/9.13/firebase.js","packageURL":"https://www.gstatic.com/firebasejs/live/9.13/firebase.tgz"},"components":{"analytics":"https://www.gstatic.com/firebasejs/9.13.0/firebase-analytics.js","app":"https://www.gstatic.com/firebasejs/9.13.0/firebase-app.js","app-check":"https://www.gstatic.com/firebasejs/9.13.0/firebase-app-check.js","auth":"https://www.gstatic.com/firebasejs/9.13.0/firebase-auth.js","auth/cordova":"https://www.gstatic.com/firebasejs/9.13.0/firebase-auth/cordova.js","auth/react-native":"https://www.gstatic.com/firebasejs/9.13.0/firebase-auth/react-native.js","functions":"https://www.gstatic.com/firebasejs/9.13.0/firebase-functions.js","firestore":"https://www.gstatic.com/firebasejs/9.13.0/firebase-firestore.js","firestore/lite":"https://www.gstatic.com/firebasejs/9.13.0/firebase-firestore/lite.js","installations":"https://www.gstatic.com/firebasejs/9.13.0/firebase-installations.js","storage":"https://www.gstatic.com/firebasejs/9.13.0/firebase-storage.js","performance":"https://www.gstatic.com/firebasejs/9.13.0/firebase-performance.js","remote-config":"https://www.gstatic.com/firebasejs/9.13.0/firebase-remote-config.js","messaging":"https://www.gstatic.com/firebasejs/9.13.0/firebase-messaging.js","messaging/sw":"https://www.gstatic.com/firebasejs/9.13.0/firebase-messaging/sw.js","database":"https://www.gstatic.com/firebasejs/9.13.0/firebase-database.js","firestore.memory":"https://www.gstatic.com/firebasejs/9.13.0/firebase-firestore.memory.js"}}
[info] +  Wrote public/index.html 
[info] 
[info] i  Detected a .git folder at D:\Projects\Angular\angular-demo 
[info] i  Authorizing with GitHub to upload your service account to a GitHub repository's secrets store. 
[info] 
[info] Visit this URL on this device to log in:
[info] https://github.com/login/oauth/authorize?client_id=89cf50f02ac6aaed3484&state=308651214&redirect_uri=http%3A%2F%2Flocalhost%3A9005&scope=read%3Auser%20repo%20public_repo
[info] 
[info] Waiting for authentication...
[debug] [2022-11-01T13:12:10.414Z] >>> [apiv2][query] POST https://github.com/login/oauth/access_token [none]
[debug] [2022-11-01T13:12:10.414Z] >>> [apiv2][body] POST https://github.com/login/oauth/access_token [stream]
[debug] [2022-11-01T13:12:11.108Z] <<< [apiv2][status] POST https://github.com/login/oauth/access_token 200
[debug] [2022-11-01T13:12:11.109Z] <<< [apiv2][body] POST https://github.com/login/oauth/access_token {"access_token":"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","token_type":"bearer","scope":"read:user,repo"}
[debug] [2022-11-01T13:12:11.136Z] >>> [apiv2][query] GET https://api.github.com/user [none]
[debug] [2022-11-01T13:12:11.836Z] <<< [apiv2][status] GET https://api.github.com/user 200
[debug] [2022-11-01T13:12:11.836Z] <<< [apiv2][body] GET https://api.github.com/user {"login":"NivasDonthireddy","id":55041879,"node_id":"MDQ6VXNlcjU1MDQxODc5","avatar_url":"https://avatars.githubusercontent.com/u/55041879?v=4","gravatar_id":"","url":"https://api.github.com/users/NivasDonthireddy","html_url":"https://github.com/NivasDonthireddy","followers_url":"https://api.github.com/users/NivasDonthireddy/followers","following_url":"https://api.github.com/users/NivasDonthireddy/following{/other_user}","gists_url":"https://api.github.com/users/NivasDonthireddy/gists{/gist_id}","starred_url":"https://api.github.com/users/NivasDonthireddy/starred{/owner}{/repo}","subscriptions_url":"https://api.github.com/users/NivasDonthireddy/subscriptions","organizations_url":"https://api.github.com/users/NivasDonthireddy/orgs","repos_url":"https://api.github.com/users/NivasDonthireddy/repos","events_url":"https://api.github.com/users/NivasDonthireddy/events{/privacy}","received_events_url":"https://api.github.com/users/NivasDonthireddy/received_events","type":"User","site_admin":false,"name":"Nivas","company":"Indian Institute of Technology , Madras","blog":"www.energyreflux.com","location":"Chennai, India","email":"dlnivas@hotmail.com","hireable":null,"bio":null,"twitter_username":"NivasDonthiredd","public_repos":40,"public_gists":0,"followers":0,"following":1,"created_at":"2019-09-08T04:35:00Z","updated_at":"2022-10-30T11:15:17Z","private_gists":0,"total_private_repos":4,"owned_private_repos":4,"disk_usage":40833,"collaborators":0,"two_factor_authentication":false,"plan":{"name":"pro","space":976562499,"collaborators":0,"private_repos":9999}}
[info] 
[info] +  Success! Logged into GitHub as NivasDonthireddy 
[info] 
